c:\users\janmo\onedrive\desktop\segona entrega\1. resources\vc142.pdb
c:\users\janmo\onedrive\desktop\segona entrega\1. resources\vc142.idb
c:\users\janmo\source\repos\escacs\1. resources\vc142.pdb
c:\users\janmo\source\repos\escacs\1. resources\vc142.idb
c:\users\usuario\desktop\escacs-master\1. resources\vc142.pdb
c:\users\usuario\desktop\escacs-master\1. resources\vc142.idb
c:\users\usuario\desktop\escacs-master\1. resources\main.obj
c:\users\usuario\desktop\escacs-master\1. resources\graphicmanager.obj
c:\users\usuario\desktop\escacs-master\1. resources\validmoves.obj
c:\users\usuario\desktop\escacs-master\1. resources\piece.obj
c:\users\usuario\desktop\escacs-master\1. resources\currentgame.obj
c:\users\usuario\desktop\escacs-master\1. resources\chessposition.obj
c:\users\usuario\desktop\escacs-master\1. resources\chessboard.obj
c:\users\usuario\desktop\escacs-master\1. resources\video.obj
c:\users\usuario\desktop\escacs-master\1. resources\stb_vorbis.obj
c:\users\usuario\desktop\escacs-master\1. resources\sprites.obj
c:\users\usuario\desktop\escacs-master\1. resources\sound.obj
c:\users\usuario\desktop\escacs-master\1. resources\nfont.obj
c:\users\usuario\desktop\escacs-master\1. resources\mouse.obj
c:\users\usuario\desktop\escacs-master\1. resources\keyboard.obj
c:\users\usuario\desktop\escacs-master\1. resources\image_png.obj
c:\users\usuario\desktop\escacs-master\1. resources\debug.obj
c:\users\usuario\desktop\escacs-master\1. resources\sdl_fontcache.obj
c:\users\usuario\desktop\escacs-master\1. resources\mp_practica.ilk
c:\users\usuario\desktop\escacs-master\2. platforms\0. windows desktop\program\mp_practica.exe
c:\users\usuario\desktop\escacs-master\2. platforms\0. windows desktop\program\mp_practica.pdb
c:\users\usuario\desktop\escacs-master\2. platforms\0. windows desktop\\program\mp_practica.pdb
c:\users\usuario\desktop\escacs-master\1. resources\mp_practica.tlog\cl.command.1.tlog
c:\users\usuario\desktop\escacs-master\1. resources\mp_practica.tlog\cl.read.1.tlog
c:\users\usuario\desktop\escacs-master\1. resources\mp_practica.tlog\cl.write.1.tlog
c:\users\usuario\desktop\escacs-master\1. resources\mp_practica.tlog\link.command.1.tlog
c:\users\usuario\desktop\escacs-master\1. resources\mp_practica.tlog\link.read.1.tlog
c:\users\usuario\desktop\escacs-master\1. resources\mp_practica.tlog\link.write.1.tlog
